<?xml version="1.0" encoding="UTF-8"?>
<!-- Generated by org.testng.reporters.JUnitXMLReporter -->
<testsuite hostname="LAPTOP-VQ71OE6S" ignored="0" name="Logoin Test ch" tests="7" failures="0" timestamp="2020-09-10T17:10:53 EDT" time="51.131" errors="0">
  <testcase name="validCredintailsTest1" time="3.152" classname="org.slk.test.LoginTest"/>
  <testcase name="validCredintailsTest1" time="2.68" classname="org.slk.test.LoginTest"/>
  <testcase name="validCredintailsTest1" time="3.163" classname="org.slk.test.LoginTest"/>
  <testcase name="validCredintailsTest1" time="2.712" classname="org.slk.test.LoginTest"/>
  <testcase name="validCredintailsTest1" time="2.66" classname="org.slk.test.LoginTest"/>
  <testcase name="invalidCredintailsTest" time="0.0" classname="org.slk.test.LoginTest">
    <skipped/>
  </testcase> <!-- invalidCredintailsTest -->
  <testcase name="validCredintailsTest" time="0.0" classname="org.slk.test.LoginTest">
    <skipped/>
  </testcase> <!-- validCredintailsTest -->
</testsuite> <!-- Logoin Test ch -->
