<?xml version="1.0" encoding="UTF-8"?>
<!-- Generated by org.testng.reporters.JUnitXMLReporter -->
<testsuite hostname="LAPTOP-VQ71OE6S" ignored="0" name=" Login Test ff" tests="15" failures="0" timestamp="2020-09-24T16:00:01 EDT" time="130.862" errors="0">
  <testcase name="validCredintailsTest1" time="2.428" classname="org.slk.test.LoginTest"/>
  <testcase name="validCredintailsTest1" time="2.507" classname="org.slk.test.LoginTest"/>
  <testcase name="validCredintailsTest1" time="2.66" classname="org.slk.test.LoginTest"/>
  <testcase name="validCredintailsTest1" time="2.558" classname="org.slk.test.LoginTest"/>
  <testcase name="validCredintailsTest1" time="2.558" classname="org.slk.test.LoginTest"/>
  <testcase name="invalidCredintailsTest" time="1.106" classname="org.slk.test.LoginTest"/>
  <testcase name="invalidCredintailsTest" time="1.105" classname="org.slk.test.LoginTest"/>
  <testcase name="invalidCredintailsTest" time="1.083" classname="org.slk.test.LoginTest"/>
  <testcase name="invalidCredintailsTest" time="1.045" classname="org.slk.test.LoginTest"/>
  <testcase name="invalidCredintailsTest" time="1.079" classname="org.slk.test.LoginTest"/>
  <testcase name="validCredintailsTest" time="2.604" classname="org.slk.test.LoginTest"/>
  <testcase name="validCredintailsTest" time="2.527" classname="org.slk.test.LoginTest"/>
  <testcase name="validCredintailsTest" time="2.436" classname="org.slk.test.LoginTest"/>
  <testcase name="validCredintailsTest" time="2.427" classname="org.slk.test.LoginTest"/>
  <testcase name="validCredintailsTest" time="2.446" classname="org.slk.test.LoginTest"/>
</testsuite> <!--  Login Test ff -->
