<?xml version="1.0" encoding="UTF-8"?>
<!-- Generated by org.testng.reporters.JUnitXMLReporter -->
<testsuite hostname="LAPTOP-VQ71OE6S" ignored="0" name=" Login Test ie" tests="15" failures="0" timestamp="2020-09-24T15:57:50 EDT" time="109.585" errors="0">
  <testcase name="validCredintailsTest1" time="3.369" classname="org.slk.test.LoginTest"/>
  <testcase name="validCredintailsTest1" time="3.162" classname="org.slk.test.LoginTest"/>
  <testcase name="validCredintailsTest1" time="3.307" classname="org.slk.test.LoginTest"/>
  <testcase name="validCredintailsTest1" time="4.014" classname="org.slk.test.LoginTest"/>
  <testcase name="validCredintailsTest1" time="3.743" classname="org.slk.test.LoginTest"/>
  <testcase name="invalidCredintailsTest" time="3.921" classname="org.slk.test.LoginTest"/>
  <testcase name="invalidCredintailsTest" time="3.791" classname="org.slk.test.LoginTest"/>
  <testcase name="invalidCredintailsTest" time="3.854" classname="org.slk.test.LoginTest"/>
  <testcase name="invalidCredintailsTest" time="3.668" classname="org.slk.test.LoginTest"/>
  <testcase name="invalidCredintailsTest" time="3.579" classname="org.slk.test.LoginTest"/>
  <testcase name="validCredintailsTest" time="3.617" classname="org.slk.test.LoginTest"/>
  <testcase name="validCredintailsTest" time="3.623" classname="org.slk.test.LoginTest"/>
  <testcase name="validCredintailsTest" time="3.655" classname="org.slk.test.LoginTest"/>
  <testcase name="validCredintailsTest" time="3.566" classname="org.slk.test.LoginTest"/>
  <testcase name="validCredintailsTest" time="3.666" classname="org.slk.test.LoginTest"/>
</testsuite> <!--  Login Test ie -->
