<?xml version="1.0" encoding="UTF-8"?>
<!-- Generated by org.testng.reporters.JUnitXMLReporter -->
<testsuite hostname="LAPTOP-VQ71OE6S" ignored="0" name="Command line test" tests="22" failures="1" timestamp="2020-09-10T18:04:24 EDT" time="374.046" errors="0">
  <testcase name="patientRegName" time="27.099" classname="org.slk.test.AddPatientNameTest"/>
  <testcase name="patientRegName" time="27.026" classname="org.slk.test.AddPatientNameTest"/>
  <testcase name="patientRegName" time="27.147" classname="org.slk.test.AddPatientNameTest"/>
  <testcase name="patientRegName" time="25.465" classname="org.slk.test.AddPatientNameTest"/>
  <testcase name="patientRegName" time="25.434" classname="org.slk.test.AddPatientNameTest"/>
  <testcase name="validCredintailsTest1" time="2.887" classname="org.slk.test.LoginTest"/>
  <testcase name="validCredintailsTest1" time="2.819" classname="org.slk.test.LoginTest"/>
  <testcase name="validCredintailsTest1" time="2.896" classname="org.slk.test.LoginTest"/>
  <testcase name="validCredintailsTest1" time="2.854" classname="org.slk.test.LoginTest"/>
  <testcase name="validCredintailsTest1" time="2.688" classname="org.slk.test.LoginTest"/>
  <testcase name="invalidCredintailsTest" time="1.55" classname="org.slk.test.LoginTest"/>
  <testcase name="invalidCredintailsTest" time="1.604" classname="org.slk.test.LoginTest"/>
  <testcase name="invalidCredintailsTest" time="1.507" classname="org.slk.test.LoginTest"/>
  <testcase name="invalidCredintailsTest" time="1.525" classname="org.slk.test.LoginTest"/>
  <testcase name="invalidCredintailsTest" time="1.464" classname="org.slk.test.LoginTest"/>
  <testcase name="validCredintailsTest" time="2.79" classname="org.slk.test.LoginTest"/>
  <testcase name="validCredintailsTest" time="3.229" classname="org.slk.test.LoginTest"/>
  <testcase name="validCredintailsTest" time="2.943" classname="org.slk.test.LoginTest"/>
  <testcase name="validCredintailsTest" time="3.25" classname="org.slk.test.LoginTest"/>
  <testcase name="validCredintailsTest" time="2.706" classname="org.slk.test.LoginTest"/>
  <testcase name="searchPatientName" time="18.338" classname="org.slk.test.SearchPatientNameTest"/>
  <testcase name="searchPatientName" time="17.816" classname="org.slk.test.SearchPatientNameTest">
    <failure type="org.openqa.selenium.UnhandledAlertException" message="unexpected alert open: {Alert text : New Due Clinical Reminders

Measurement: Blood Pressure
Assessment: Tobacco

(See the Clinical Reminders widget for more details)}
  (Session info: chrome=85.0.4183.83): New Due Clinical Reminders

Measurement: Blood Pressure
Assessment: Tobacco

(See the Clinical Reminders widget for more details)
Build info: version: &amp;apos;4.0.0-alpha-6&amp;apos;, revision: &amp;apos;5f43a29cfc&amp;apos;
System info: host: &amp;apos;LAPTOP-VQ71OE6S&amp;apos;, ip: &amp;apos;10.3.46.214&amp;apos;, os.name: &amp;apos;Windows 10&amp;apos;, os.arch: &amp;apos;amd64&amp;apos;, os.version: &amp;apos;10.0&amp;apos;, java.version: &amp;apos;1.8.0_261&amp;apos;
Driver info: org.openqa.selenium.chrome.ChromeDriver
Capabilities {acceptInsecureCerts: false, browserName: chrome, browserVersion: 85.0.4183.83, chrome: {chromedriverVersion: 84.0.4147.30 (48b3e868b4cc0..., userDataDir: C:\Users\jagad\AppData\Loca...}, goog:chromeOptions: {debuggerAddress: localhost:51582}, javascriptEnabled: true, networkConnectionEnabled: false, pageLoadStrategy: normal, platform: WINDOWS, platformName: WINDOWS, proxy: Proxy(), setWindowRect: true, strictFileInteractability: false, timeouts: {implicit: 0, pageLoad: 300000, script: 30000}, unhandledPromptBehavior: dismiss and notify, webauthn:virtualAuthenticators: true}
Session ID: 4d8e335d4e94bedd5e7f4b4de40a95a9
*** Element info: {Using=xpath, value=(//iframe[@data-bind=&amp;apos;location: $data, iframeName: $data.name, &amp;apos;])[3]}">
      <![CDATA[org.openqa.selenium.UnhandledAlertException: unexpected alert open: {Alert text : New Due Clinical Reminders

Measurement: Blood Pressure
Assessment: Tobacco

(See the Clinical Reminders widget for more details)}
  (Session info: chrome=85.0.4183.83): New Due Clinical Reminders

Measurement: Blood Pressure
Assessment: Tobacco

(See the Clinical Reminders widget for more details)
Build info: version: '4.0.0-alpha-6', revision: '5f43a29cfc'
System info: host: 'LAPTOP-VQ71OE6S', ip: '10.3.46.214', os.name: 'Windows 10', os.arch: 'amd64', os.version: '10.0', java.version: '1.8.0_261'
Driver info: org.openqa.selenium.chrome.ChromeDriver
Capabilities {acceptInsecureCerts: false, browserName: chrome, browserVersion: 85.0.4183.83, chrome: {chromedriverVersion: 84.0.4147.30 (48b3e868b4cc0..., userDataDir: C:\Users\jagad\AppData\Loca...}, goog:chromeOptions: {debuggerAddress: localhost:51582}, javascriptEnabled: true, networkConnectionEnabled: false, pageLoadStrategy: normal, platform: WINDOWS, platformName: WINDOWS, proxy: Proxy(), setWindowRect: true, strictFileInteractability: false, timeouts: {implicit: 0, pageLoad: 300000, script: 30000}, unhandledPromptBehavior: dismiss and notify, webauthn:virtualAuthenticators: true}
Session ID: 4d8e335d4e94bedd5e7f4b4de40a95a9
*** Element info: {Using=xpath, value=(//iframe[@data-bind='location: $data, iframeName: $data.name, '])[3]}
at org.openqa.selenium.remote.codec.w3c.W3CHttpResponseCodec.decode(W3CHttpResponseCodec.java:127)
at org.openqa.selenium.remote.codec.w3c.W3CHttpResponseCodec.decode(W3CHttpResponseCodec.java:53)
at org.openqa.selenium.remote.HttpCommandExecutor.execute(HttpCommandExecutor.java:160)
at org.openqa.selenium.remote.service.DriverCommandExecutor.execute(DriverCommandExecutor.java:83)
at org.openqa.selenium.remote.RemoteWebDriver.execute(RemoteWebDriver.java:582)
at org.openqa.selenium.remote.RemoteWebDriver.findElement(RemoteWebDriver.java:333)
at org.openqa.selenium.remote.RemoteWebDriver.findElementByXPath(RemoteWebDriver.java:451)
at org.openqa.selenium.By$ByXPath.findElement(By.java:394)
at org.openqa.selenium.remote.RemoteWebDriver.findElement(RemoteWebDriver.java:325)
at org.slk.pages.DashboardPage.switchToFinFrame(DashboardPage.java:44)
at org.slk.test.SearchPatientNameTest.searchPatientName(SearchPatientNameTest.java:45)
at java.util.ArrayList.forEach(ArrayList.java:1259)
... Removed 37 stack frames]]>
    </failure>
  </testcase> <!-- searchPatientName -->
</testsuite> <!-- Command line test -->
