<?xml version="1.0" encoding="UTF-8"?>
<testng-results skipped="0" failed="0" ignored="0" total="4" passed="4">
  <reporter-output>
  </reporter-output>
  <suite name="OpenEmdDemoAzure" duration-ms="107199" started-at="2020-10-25T11:49:59 EDT" finished-at="2020-10-25T11:51:46 EDT">
    <groups>
    </groups>
    <test name=" Login Test ch" duration-ms="54683" started-at="2020-10-25T11:49:59 EDT" finished-at="2020-10-25T11:50:54 EDT">
      <class name="org.slk.test.SearchPatientNameTest">
        <test-method status="PASS" signature="setUp(java.lang.String)[pri:0, instance:org.slk.test.SearchPatientNameTest@7a765367]" name="setUp" is-config="true" duration-ms="8153" started-at="2020-10-25T11:50:00 EDT" finished-at="2020-10-25T11:50:08 EDT">
          <params>
            <param index="0">
              <value>
                <![CDATA[ch]]>
              </value>
            </param>
          </params>
          <reporter-output>
          </reporter-output>
        </test-method> <!-- setUp -->
        <test-method status="PASS" signature="searchPatientName(java.lang.String, java.lang.String, java.lang.String, java.lang.String)[pri:5, instance:org.slk.test.SearchPatientNameTest@7a765367]" name="searchPatientName" duration-ms="18242" started-at="2020-10-25T11:50:08 EDT" data-provider="searchPatientData" finished-at="2020-10-25T11:50:27 EDT">
          <params>
            <param index="0">
              <value>
                <![CDATA[admin]]>
              </value>
            </param>
            <param index="1">
              <value>
                <![CDATA[pass]]>
              </value>
            </param>
            <param index="2">
              <value>
                <![CDATA[Default - English (Standard)]]>
              </value>
            </param>
            <param index="3">
              <value>
                <![CDATA[Medical Record Dashboard - Phil Belford]]>
              </value>
            </param>
          </params>
          <reporter-output>
          </reporter-output>
        </test-method> <!-- searchPatientName -->
        <test-method status="PASS" signature="tearDown()[pri:0, instance:org.slk.test.SearchPatientNameTest@7a765367]" name="tearDown" is-config="true" duration-ms="1026" started-at="2020-10-25T11:50:27 EDT" finished-at="2020-10-25T11:50:28 EDT">
          <reporter-output>
          </reporter-output>
        </test-method> <!-- tearDown -->
        <test-method status="PASS" signature="setUp(java.lang.String)[pri:0, instance:org.slk.test.SearchPatientNameTest@7a765367]" name="setUp" is-config="true" duration-ms="7025" started-at="2020-10-25T11:50:28 EDT" finished-at="2020-10-25T11:50:35 EDT">
          <params>
            <param index="0">
              <value>
                <![CDATA[ch]]>
              </value>
            </param>
          </params>
          <reporter-output>
          </reporter-output>
        </test-method> <!-- setUp -->
        <test-method status="PASS" signature="searchPatientName(java.lang.String, java.lang.String, java.lang.String, java.lang.String)[pri:5, instance:org.slk.test.SearchPatientNameTest@7a765367]" name="searchPatientName" duration-ms="18240" started-at="2020-10-25T11:50:35 EDT" data-provider="searchPatientData" finished-at="2020-10-25T11:50:53 EDT">
          <params>
            <param index="0">
              <value>
                <![CDATA[physician]]>
              </value>
            </param>
            <param index="1">
              <value>
                <![CDATA[physician]]>
              </value>
            </param>
            <param index="2">
              <value>
                <![CDATA[Default - English (Standard)]]>
              </value>
            </param>
            <param index="3">
              <value>
                <![CDATA[Medical Record Dashboard - Phil Belford]]>
              </value>
            </param>
          </params>
          <reporter-output>
          </reporter-output>
        </test-method> <!-- searchPatientName -->
        <test-method status="PASS" signature="tearDown()[pri:0, instance:org.slk.test.SearchPatientNameTest@7a765367]" name="tearDown" is-config="true" duration-ms="1040" started-at="2020-10-25T11:50:53 EDT" finished-at="2020-10-25T11:50:54 EDT">
          <reporter-output>
          </reporter-output>
        </test-method> <!-- tearDown -->
      </class> <!-- org.slk.test.SearchPatientNameTest -->
    </test> <!--  Login Test ch -->
    <test name=" Login Test ff" duration-ms="52467" started-at="2020-10-25T11:50:54 EDT" finished-at="2020-10-25T11:51:46 EDT">
      <class name="org.slk.test.SearchPatientNameTest">
        <test-method status="PASS" signature="setUp(java.lang.String)[pri:0, instance:org.slk.test.SearchPatientNameTest@5bb21b69]" name="setUp" is-config="true" duration-ms="6207" started-at="2020-10-25T11:50:54 EDT" finished-at="2020-10-25T11:51:00 EDT">
          <params>
            <param index="0">
              <value>
                <![CDATA[ff]]>
              </value>
            </param>
          </params>
          <reporter-output>
          </reporter-output>
        </test-method> <!-- setUp -->
        <test-method status="PASS" signature="searchPatientName(java.lang.String, java.lang.String, java.lang.String, java.lang.String)[pri:5, instance:org.slk.test.SearchPatientNameTest@5bb21b69]" name="searchPatientName" duration-ms="18713" started-at="2020-10-25T11:51:00 EDT" data-provider="searchPatientData" finished-at="2020-10-25T11:51:19 EDT">
          <params>
            <param index="0">
              <value>
                <![CDATA[admin]]>
              </value>
            </param>
            <param index="1">
              <value>
                <![CDATA[pass]]>
              </value>
            </param>
            <param index="2">
              <value>
                <![CDATA[Default - English (Standard)]]>
              </value>
            </param>
            <param index="3">
              <value>
                <![CDATA[Medical Record Dashboard - Phil Belford]]>
              </value>
            </param>
          </params>
          <reporter-output>
          </reporter-output>
        </test-method> <!-- searchPatientName -->
        <test-method status="PASS" signature="tearDown()[pri:0, instance:org.slk.test.SearchPatientNameTest@5bb21b69]" name="tearDown" is-config="true" duration-ms="1081" started-at="2020-10-25T11:51:19 EDT" finished-at="2020-10-25T11:51:20 EDT">
          <reporter-output>
          </reporter-output>
        </test-method> <!-- tearDown -->
        <test-method status="PASS" signature="setUp(java.lang.String)[pri:0, instance:org.slk.test.SearchPatientNameTest@5bb21b69]" name="setUp" is-config="true" duration-ms="6808" started-at="2020-10-25T11:51:20 EDT" finished-at="2020-10-25T11:51:27 EDT">
          <params>
            <param index="0">
              <value>
                <![CDATA[ff]]>
              </value>
            </param>
          </params>
          <reporter-output>
          </reporter-output>
        </test-method> <!-- setUp -->
        <test-method status="PASS" signature="searchPatientName(java.lang.String, java.lang.String, java.lang.String, java.lang.String)[pri:5, instance:org.slk.test.SearchPatientNameTest@5bb21b69]" name="searchPatientName" duration-ms="18589" started-at="2020-10-25T11:51:27 EDT" data-provider="searchPatientData" finished-at="2020-10-25T11:51:45 EDT">
          <params>
            <param index="0">
              <value>
                <![CDATA[physician]]>
              </value>
            </param>
            <param index="1">
              <value>
                <![CDATA[physician]]>
              </value>
            </param>
            <param index="2">
              <value>
                <![CDATA[Default - English (Standard)]]>
              </value>
            </param>
            <param index="3">
              <value>
                <![CDATA[Medical Record Dashboard - Phil Belford]]>
              </value>
            </param>
          </params>
          <reporter-output>
          </reporter-output>
        </test-method> <!-- searchPatientName -->
        <test-method status="PASS" signature="tearDown()[pri:0, instance:org.slk.test.SearchPatientNameTest@5bb21b69]" name="tearDown" is-config="true" duration-ms="1008" started-at="2020-10-25T11:51:45 EDT" finished-at="2020-10-25T11:51:46 EDT">
          <reporter-output>
          </reporter-output>
        </test-method> <!-- tearDown -->
      </class> <!-- org.slk.test.SearchPatientNameTest -->
    </test> <!--  Login Test ff -->
  </suite> <!-- OpenEmdDemoAzure -->
</testng-results>
